0 info it worked if it ends with ok
1 verbose cli [ '/usr/bin/node',
1 verbose cli   '/usr/bin/npm',
1 verbose cli   'install',
1 verbose cli   '--save',
1 verbose cli   'imagemin-pnguant' ]
2 info using npm@1.4.28
3 info using node@v0.10.37
4 verbose node symlink /usr/bin/node
5 warn package.json modx-brilliant@1.0.0 No description
6 warn package.json modx-brilliant@1.0.0 No repository field.
7 warn package.json modx-brilliant@1.0.0 No README data
8 verbose readDependencies using package.json deps
9 verbose cache add [ 'imagemin-pnguant', null ]
10 verbose cache add name=undefined spec="imagemin-pnguant" args=["imagemin-pnguant",null]
11 verbose parsed url { protocol: null,
11 verbose parsed url   slashes: null,
11 verbose parsed url   auth: null,
11 verbose parsed url   host: null,
11 verbose parsed url   port: null,
11 verbose parsed url   hostname: null,
11 verbose parsed url   hash: null,
11 verbose parsed url   search: null,
11 verbose parsed url   query: null,
11 verbose parsed url   pathname: 'imagemin-pnguant',
11 verbose parsed url   path: 'imagemin-pnguant',
11 verbose parsed url   href: 'imagemin-pnguant' }
12 silly lockFile 900b832a-imagemin-pnguant imagemin-pnguant
13 verbose lock imagemin-pnguant /home/local/.npm/900b832a-imagemin-pnguant.lock
14 silly lockFile 900b832a-imagemin-pnguant imagemin-pnguant
15 silly lockFile 900b832a-imagemin-pnguant imagemin-pnguant
16 verbose addNamed [ 'imagemin-pnguant', '' ]
17 verbose addNamed [ null, '*' ]
18 silly lockFile 4ec2691e-imagemin-pnguant imagemin-pnguant@
19 verbose lock imagemin-pnguant@ /home/local/.npm/4ec2691e-imagemin-pnguant.lock
20 silly addNameRange { name: 'imagemin-pnguant', range: '*', hasData: false }
21 verbose request where is /imagemin-pnguant
22 verbose request registry https://registry.npmjs.org/
23 verbose request id 3c04dd2d68afae5b
24 verbose url raw /imagemin-pnguant
25 verbose url resolving [ 'https://registry.npmjs.org/', './imagemin-pnguant' ]
26 verbose url resolved https://registry.npmjs.org/imagemin-pnguant
27 verbose request where is https://registry.npmjs.org/imagemin-pnguant
28 info trying registry request attempt 1 at 12:35:42
29 http GET https://registry.npmjs.org/imagemin-pnguant
30 http 404 https://registry.npmjs.org/imagemin-pnguant
31 silly registry.get cb [ 404,
31 silly registry.get   { 'content-type': 'application/json',
31 silly registry.get     'cache-control': 'max-age=0',
31 silly registry.get     'content-length': '2',
31 silly registry.get     'accept-ranges': 'bytes',
31 silly registry.get     date: 'Mon, 05 Oct 2015 09:33:51 GMT',
31 silly registry.get     via: '1.1 varnish',
31 silly registry.get     age: '0',
31 silly registry.get     connection: 'keep-alive',
31 silly registry.get     'x-served-by': 'cache-fra1223-FRA',
31 silly registry.get     'x-cache': 'MISS',
31 silly registry.get     'x-cache-hits': '0',
31 silly registry.get     'x-timer': 'S1444037630.743324,VS0,VE404' } ]
32 silly lockFile 4ec2691e-imagemin-pnguant imagemin-pnguant@
33 silly lockFile 4ec2691e-imagemin-pnguant imagemin-pnguant@
34 error 404 Not Found
34 error 404
34 error 404 'imagemin-pnguant' is not in the npm registry.
34 error 404 You should bug the author to publish it
34 error 404 It was specified as a dependency of 'modx-brilliant'
34 error 404
34 error 404 Note that you can also install from a
34 error 404 tarball, folder, or http url, or git url.
35 error System Linux 3.16.0-30-generic
36 error command "/usr/bin/node" "/usr/bin/npm" "install" "--save" "imagemin-pnguant"
37 error cwd /var/www/modx-brilliant
38 error node -v v0.10.37
39 error npm -v 1.4.28
40 error code E404
41 verbose exit [ 1, true ]
